<?xml version="1.0" encoding="UTF-8"?>
<!-- Generated by org.testng.reporters.JUnitReportReporter -->
<testsuite hostname="DESKTOP-PEVEO4G" failures="0" tests="3" name="TestNgpgm.FourDemo" time="3.020" errors="0" timestamp="2024-08-01T16:22:21 IST" skipped="0">
  <testcase classname="TestNgpgm.FourDemo" name="tc03" time="0.004"/>
  <system-out/>
  <testcase classname="TestNgpgm.FourDemo" name="tc02" time="3.005"/>
  <system-out/>
  <testcase classname="TestNgpgm.FourDemo" name="tc01" time="0.011"/>
  <system-out/>
</testsuite> <!-- TestNgpgm.FourDemo -->
