<?xml version="1.0" encoding="UTF-8"?>
<!-- Generated by org.testng.reporters.JUnitReportReporter -->
<testsuite hostname="DESKTOP-PEVEO4G" failures="0" tests="3" name="TestNg1.Test1" time="0.027" errors="0" timestamp="2023-07-04T19:30:06 IST" skipped="0">
  <testcase classname="TestNg1.Test1" name="tc01" time="0.018"/>
  <system-out>
    <![CDATA[Test case 01 Exeuted]]>
  </system-out>
  <testcase classname="TestNg1.Test1" name="tc02" time="0.004"/>
  <system-out>
    <![CDATA[Test case 02 Exeuted]]>
  </system-out>
  <testcase classname="TestNg1.Test1" name="tc03" time="0.005"/>
  <system-out>
    <![CDATA[Test case 03 Exeuted]]>
  </system-out>
</testsuite> <!-- TestNg1.Test1 -->
