<?xml version="1.0" encoding="UTF-8"?>
<!-- Generated by org.testng.reporters.JUnitReportReporter -->
<testsuite hostname="DESKTOP-PEVEO4G" failures="0" tests="3" name="TestNgpgm.FDemo" time="0.015" errors="0" timestamp="2024-08-01T16:23:31 IST" skipped="0">
  <testcase classname="TestNgpgm.FDemo" name="tc3" time="0.003"/>
  <system-out>
    <![CDATA[TC3 executed]]>
  </system-out>
  <testcase classname="TestNgpgm.FDemo" name="tc2" time="0.003"/>
  <system-out>
    <![CDATA[TC2 executed]]>
  </system-out>
  <testcase classname="TestNgpgm.FDemo" name="tc1" time="0.009"/>
  <system-out>
    <![CDATA[TC1 executed]]>
  </system-out>
</testsuite> <!-- TestNgpgm.FDemo -->
